[2024-10-16 17:28:53] local.ERROR: View [main] not found. {"exception":"[object] (InvalidArgumentException(code: 0): View [main] not found. at /media/dhirajyadav/New Volume/xamp files/currency-exchanger/vendor/laravel/framework/src/Illuminate/View/FileViewFinder.php:137)
[stacktrace]
#0 /media/dhirajyadav/New Volume/xamp files/currency-exchanger/vendor/laravel/framework/src/Illuminate/View/FileViewFinder.php(79): Illuminate\\View\\FileViewFinder->findInPaths()
#1 /media/dhirajyadav/New Volume/xamp files/currency-exchanger/vendor/laravel/framework/src/Illuminate/View/Factory.php(137): Illuminate\\View\\FileViewFinder->find()
#2 /media/dhirajyadav/New Volume/xamp files/currency-exchanger/vendor/laravel/framework/src/Illuminate/Foundation/helpers.php(1020): Illuminate\\View\\Factory->make()
#3 /media/dhirajyadav/New Volume/xamp files/currency-exchanger/app/Http/Controllers/IndexController.php(11): view()
#4 /media/dhirajyadav/New Volume/xamp files/currency-exchanger/vendor/laravel/framework/src/Illuminate/Routing/Controller.php(54): App\\Http\\Controllers\\IndexController->index()
#5 /media/dhirajyadav/New Volume/xamp files/currency-exchanger/vendor/laravel/framework/src/Illuminate/Routing/ControllerDispatcher.php(43): Illuminate\\Routing\\Controller->callAction()
#6 /media/dhirajyadav/New Volume/xamp files/currency-exchanger/vendor/laravel/framework/src/Illuminate/Routing/Route.php(259): Illuminate\\Routing\\ControllerDispatcher->dispatch()
#7 /media/dhirajyadav/New Volume/xamp files/currency-exchanger/vendor/laravel/framework/src/Illuminate/Routing/Route.php(205): Illuminate\\Routing\\Route->runController()
#8 /media/dhirajyadav/New Volume/xamp files/currency-exchanger/vendor/laravel/framework/src/Illuminate/Routing/Router.php(806): Illuminate\\Routing\\Route->run()
#9 /media/dhirajyadav/New Volume/xamp files/currency-exchanger/vendor/laravel/framework/src/Illuminate/Pipeline/Pipeline.php(144): Illuminate\\Routing\\Router->Illuminate\\Routing\\{closure}()
#10 /media/dhirajyadav/New Volume/xamp files/currency-exchanger/app/Http/Middleware/AlreadyLogin.php(23): Illuminate\\Pipeline\\Pipeline->Illuminate\\Pipeline\\{closure}()
#11 /media/dhirajyadav/New Volume/xamp files/currency-exchanger/vendor/laravel/framework/src/Illuminate/Pipeline/Pipeline.php(183): App\\Http\\Middleware\\AlreadyLogin->handle()
#12 /media/dhirajyadav/New Volume/xamp files/currency-exchanger/vendor/laravel/framework/src/Illuminate/Routing/Middleware/SubstituteBindings.php(50): Illuminate\\Pipeline\\Pipeline->Illuminate\\Pipeline\\{closure}()
#13 /media/dhirajyadav/New Volume/xamp files/currency-exchanger/vendor/laravel/framework/src/Illuminate/Pipeline/Pipeline.php(183): Illuminate\\Routing\\Middleware\\SubstituteBindings->handle()
#14 /media/dhirajyadav/New Volume/xamp files/currency-exchanger/vendor/laravel/framework/src/Illuminate/Foundation/Http/Middleware/VerifyCsrfToken.php(78): Illuminate\\Pipeline\\Pipeline->Illuminate\\Pipeline\\{closure}()
#15 /media/dhirajyadav/New Volume/xamp files/currency-exchanger/vendor/laravel/framework/src/Illuminate/Pipeline/Pipeline.php(183): Illuminate\\Foundation\\Http\\Middleware\\VerifyCsrfToken->handle()
#16 /media/dhirajyadav/New Volume/xamp files/currency-exchanger/vendor/laravel/framework/src/Illuminate/View/Middleware/ShareErrorsFromSession.php(49): Illuminate\\Pipeline\\Pipeline->Illuminate\\Pipeline\\{closure}()
#17 /media/dhirajyadav/New Volume/xamp files/currency-exchanger/vendor/laravel/framework/src/Illuminate/Pipeline/Pipeline.php(183): Illuminate\\View\\Middleware\\ShareErrorsFromSession->handle()
#18 /media/dhirajyadav/New Volume/xamp files/currency-exchanger/vendor/laravel/framework/src/Illuminate/Session/Middleware/StartSession.php(121): Illuminate\\Pipeline\\Pipeline->Illuminate\\Pipeline\\{closure}()
#19 /media/dhirajyadav/New Volume/xamp files/currency-exchanger/vendor/laravel/framework/src/Illuminate/Session/Middleware/StartSession.php(64): Illuminate\\Session\\Middleware\\StartSession->handleStatefulRequest()
#20 /media/dhirajyadav/New Volume/xamp files/currency-exchanger/vendor/laravel/framework/src/Illuminate/Pipeline/Pipeline.php(183): Illuminate\\Session\\Middleware\\StartSession->handle()
#21 /media/dhirajyadav/New Volume/xamp files/currency-exchanger/vendor/laravel/framework/src/Illuminate/Cookie/Middleware/AddQueuedCookiesToResponse.php(37): Illuminate\\Pipeline\\Pipeline->Illuminate\\Pipeline\\{closure}()
#22 /media/dhirajyadav/New Volume/xamp files/currency-exchanger/vendor/laravel/framework/src/Illuminate/Pipeline/Pipeline.php(183): Illuminate\\Cookie\\Middleware\\AddQueuedCookiesToResponse->handle()
#23 /media/dhirajyadav/New Volume/xamp files/currency-exchanger/vendor/laravel/framework/src/Illuminate/Cookie/Middleware/EncryptCookies.php(67): Illuminate\\Pipeline\\Pipeline->Illuminate\\Pipeline\\{closure}()
#24 /media/dhirajyadav/New Volume/xamp files/currency-exchanger/vendor/laravel/framework/src/Illuminate/Pipeline/Pipeline.php(183): Illuminate\\Cookie\\Middleware\\EncryptCookies->handle()
#25 /media/dhirajyadav/New Volume/xamp files/currency-exchanger/vendor/laravel/framework/src/Illuminate/Pipeline/Pipeline.php(119): Illuminate\\Pipeline\\Pipeline->Illuminate\\Pipeline\\{closure}()
#26 /media/dhirajyadav/New Volume/xamp files/currency-exchanger/vendor/laravel/framework/src/Illuminate/Routing/Router.php(805): Illuminate\\Pipeline\\Pipeline->then()
#27 /media/dhirajyadav/New Volume/xamp files/currency-exchanger/vendor/laravel/framework/src/Illuminate/Routing/Router.php(784): Illuminate\\Routing\\Router->runRouteWithinStack()
#28 /media/dhirajyadav/New Volume/xamp files/currency-exchanger/vendor/laravel/framework/src/Illuminate/Routing/Router.php(748): Illuminate\\Routing\\Router->runRoute()
#29 /media/dhirajyadav/New Volume/xamp files/currency-exchanger/vendor/laravel/framework/src/Illuminate/Routing/Router.php(737): Illuminate\\Routing\\Router->dispatchToRoute()
#30 /media/dhirajyadav/New Volume/xamp files/currency-exchanger/vendor/laravel/framework/src/Illuminate/Foundation/Http/Kernel.php(200): Illuminate\\Routing\\Router->dispatch()
#31 /media/dhirajyadav/New Volume/xamp files/currency-exchanger/vendor/laravel/framework/src/Illuminate/Pipeline/Pipeline.php(144): Illuminate\\Foundation\\Http\\Kernel->Illuminate\\Foundation\\Http\\{closure}()
#32 /media/dhirajyadav/New Volume/xamp files/currency-exchanger/vendor/laravel/framework/src/Illuminate/Foundation/Http/Middleware/TransformsRequest.php(21): Illuminate\\Pipeline\\Pipeline->Illuminate\\Pipeline\\{closure}()
#33 /media/dhirajyadav/New Volume/xamp files/currency-exchanger/vendor/laravel/framework/src/Illuminate/Foundation/Http/Middleware/ConvertEmptyStringsToNull.php(31): Illuminate\\Foundation\\Http\\Middleware\\TransformsRequest->handle()
#34 /media/dhirajyadav/New Volume/xamp files/currency-exchanger/vendor/laravel/framework/src/Illuminate/Pipeline/Pipeline.php(183): Illuminate\\Foundation\\Http\\Middleware\\ConvertEmptyStringsToNull->handle()
#35 /media/dhirajyadav/New Volume/xamp files/currency-exchanger/vendor/laravel/framework/src/Illuminate/Foundation/Http/Middleware/TransformsRequest.php(21): Illuminate\\Pipeline\\Pipeline->Illuminate\\Pipeline\\{closure}()
#36 /media/dhirajyadav/New Volume/xamp files/currency-exchanger/vendor/laravel/framework/src/Illuminate/Foundation/Http/Middleware/TrimStrings.php(40): Illuminate\\Foundation\\Http\\Middleware\\TransformsRequest->handle()
#37 /media/dhirajyadav/New Volume/xamp files/currency-exchanger/vendor/laravel/framework/src/Illuminate/Pipeline/Pipeline.php(183): Illuminate\\Foundation\\Http\\Middleware\\TrimStrings->handle()
#38 /media/dhirajyadav/New Volume/xamp files/currency-exchanger/vendor/laravel/framework/src/Illuminate/Foundation/Http/Middleware/ValidatePostSize.php(27): Illuminate\\Pipeline\\Pipeline->Illuminate\\Pipeline\\{closure}()
#39 /media/dhirajyadav/New Volume/xamp files/currency-exchanger/vendor/laravel/framework/src/Illuminate/Pipeline/Pipeline.php(183): Illuminate\\Foundation\\Http\\Middleware\\ValidatePostSize->handle()
#40 /media/dhirajyadav/New Volume/xamp files/currency-exchanger/vendor/laravel/framework/src/Illuminate/Foundation/Http/Middleware/PreventRequestsDuringMaintenance.php(99): Illuminate\\Pipeline\\Pipeline->Illuminate\\Pipeline\\{closure}()
#41 /media/dhirajyadav/New Volume/xamp files/currency-exchanger/vendor/laravel/framework/src/Illuminate/Pipeline/Pipeline.php(183): Illuminate\\Foundation\\Http\\Middleware\\PreventRequestsDuringMaintenance->handle()
#42 /media/dhirajyadav/New Volume/xamp files/currency-exchanger/vendor/laravel/framework/src/Illuminate/Http/Middleware/HandleCors.php(49): Illuminate\\Pipeline\\Pipeline->Illuminate\\Pipeline\\{closure}()
#43 /media/dhirajyadav/New Volume/xamp files/currency-exchanger/vendor/laravel/framework/src/Illuminate/Pipeline/Pipeline.php(183): Illuminate\\Http\\Middleware\\HandleCors->handle()
#44 /media/dhirajyadav/New Volume/xamp files/currency-exchanger/vendor/laravel/framework/src/Illuminate/Http/Middleware/TrustProxies.php(39): Illuminate\\Pipeline\\Pipeline->Illuminate\\Pipeline\\{closure}()
#45 /media/dhirajyadav/New Volume/xamp files/currency-exchanger/vendor/laravel/framework/src/Illuminate/Pipeline/Pipeline.php(183): Illuminate\\Http\\Middleware\\TrustProxies->handle()
#46 /media/dhirajyadav/New Volume/xamp files/currency-exchanger/vendor/laravel/framework/src/Illuminate/Pipeline/Pipeline.php(119): Illuminate\\Pipeline\\Pipeline->Illuminate\\Pipeline\\{closure}()
#47 /media/dhirajyadav/New Volume/xamp files/currency-exchanger/vendor/laravel/framework/src/Illuminate/Foundation/Http/Kernel.php(175): Illuminate\\Pipeline\\Pipeline->then()
#48 /media/dhirajyadav/New Volume/xamp files/currency-exchanger/vendor/laravel/framework/src/Illuminate/Foundation/Http/Kernel.php(144): Illuminate\\Foundation\\Http\\Kernel->sendRequestThroughRouter()
#49 /media/dhirajyadav/New Volume/xamp files/currency-exchanger/public/index.php(51): Illuminate\\Foundation\\Http\\Kernel->handle()
#50 /media/dhirajyadav/New Volume/xamp files/currency-exchanger/vendor/laravel/framework/src/Illuminate/Foundation/resources/server.php(16): require_once('...')
#51 {main}
"} 
[2024-10-16 17:28:53] local.ERROR: file_put_contents(D:\currency-exchanger\storage\framework/sessions/rzdIaaqGOxfq3efIJyUeqtgg8aZobCwlonPNq4jM): Failed to open stream: No such file or directory {"exception":"[object] (ErrorException(code: 0): file_put_contents(D:\\currency-exchanger\\storage\\framework/sessions/rzdIaaqGOxfq3efIJyUeqtgg8aZobCwlonPNq4jM): Failed to open stream: No such file or directory at /media/dhirajyadav/New Volume/xamp files/currency-exchanger/vendor/laravel/framework/src/Illuminate/Filesystem/Filesystem.php:205)
[stacktrace]
#0 /media/dhirajyadav/New Volume/xamp files/currency-exchanger/vendor/laravel/framework/src/Illuminate/Foundation/Bootstrap/HandleExceptions.php(255): Illuminate\\Foundation\\Bootstrap\\HandleExceptions->handleError()
#1 [internal function]: Illuminate\\Foundation\\Bootstrap\\HandleExceptions->Illuminate\\Foundation\\Bootstrap\\{closure}()
#2 /media/dhirajyadav/New Volume/xamp files/currency-exchanger/vendor/laravel/framework/src/Illuminate/Filesystem/Filesystem.php(205): file_put_contents()
#3 /media/dhirajyadav/New Volume/xamp files/currency-exchanger/vendor/laravel/framework/src/Illuminate/Session/FileSessionHandler.php(90): Illuminate\\Filesystem\\Filesystem->put()
#4 /media/dhirajyadav/New Volume/xamp files/currency-exchanger/vendor/laravel/framework/src/Illuminate/Session/Store.php(172): Illuminate\\Session\\FileSessionHandler->write()
#5 /media/dhirajyadav/New Volume/xamp files/currency-exchanger/vendor/laravel/framework/src/Illuminate/Session/Middleware/StartSession.php(245): Illuminate\\Session\\Store->save()
#6 /media/dhirajyadav/New Volume/xamp files/currency-exchanger/vendor/laravel/framework/src/Illuminate/Session/Middleware/StartSession.php(130): Illuminate\\Session\\Middleware\\StartSession->saveSession()
#7 /media/dhirajyadav/New Volume/xamp files/currency-exchanger/vendor/laravel/framework/src/Illuminate/Session/Middleware/StartSession.php(64): Illuminate\\Session\\Middleware\\StartSession->handleStatefulRequest()
#8 /media/dhirajyadav/New Volume/xamp files/currency-exchanger/vendor/laravel/framework/src/Illuminate/Pipeline/Pipeline.php(183): Illuminate\\Session\\Middleware\\StartSession->handle()
#9 /media/dhirajyadav/New Volume/xamp files/currency-exchanger/vendor/laravel/framework/src/Illuminate/Cookie/Middleware/AddQueuedCookiesToResponse.php(37): Illuminate\\Pipeline\\Pipeline->Illuminate\\Pipeline\\{closure}()
#10 /media/dhirajyadav/New Volume/xamp files/currency-exchanger/vendor/laravel/framework/src/Illuminate/Pipeline/Pipeline.php(183): Illuminate\\Cookie\\Middleware\\AddQueuedCookiesToResponse->handle()
#11 /media/dhirajyadav/New Volume/xamp files/currency-exchanger/vendor/laravel/framework/src/Illuminate/Cookie/Middleware/EncryptCookies.php(67): Illuminate\\Pipeline\\Pipeline->Illuminate\\Pipeline\\{closure}()
#12 /media/dhirajyadav/New Volume/xamp files/currency-exchanger/vendor/laravel/framework/src/Illuminate/Pipeline/Pipeline.php(183): Illuminate\\Cookie\\Middleware\\EncryptCookies->handle()
#13 /media/dhirajyadav/New Volume/xamp files/currency-exchanger/vendor/laravel/framework/src/Illuminate/Pipeline/Pipeline.php(119): Illuminate\\Pipeline\\Pipeline->Illuminate\\Pipeline\\{closure}()
#14 /media/dhirajyadav/New Volume/xamp files/currency-exchanger/vendor/laravel/framework/src/Illuminate/Routing/Router.php(805): Illuminate\\Pipeline\\Pipeline->then()
#15 /media/dhirajyadav/New Volume/xamp files/currency-exchanger/vendor/laravel/framework/src/Illuminate/Routing/Router.php(784): Illuminate\\Routing\\Router->runRouteWithinStack()
#16 /media/dhirajyadav/New Volume/xamp files/currency-exchanger/vendor/laravel/framework/src/Illuminate/Routing/Router.php(748): Illuminate\\Routing\\Router->runRoute()
#17 /media/dhirajyadav/New Volume/xamp files/currency-exchanger/vendor/laravel/framework/src/Illuminate/Routing/Router.php(737): Illuminate\\Routing\\Router->dispatchToRoute()
#18 /media/dhirajyadav/New Volume/xamp files/currency-exchanger/vendor/laravel/framework/src/Illuminate/Foundation/Http/Kernel.php(200): Illuminate\\Routing\\Router->dispatch()
#19 /media/dhirajyadav/New Volume/xamp files/currency-exchanger/vendor/laravel/framework/src/Illuminate/Pipeline/Pipeline.php(144): Illuminate\\Foundation\\Http\\Kernel->Illuminate\\Foundation\\Http\\{closure}()
#20 /media/dhirajyadav/New Volume/xamp files/currency-exchanger/vendor/laravel/framework/src/Illuminate/Foundation/Http/Middleware/TransformsRequest.php(21): Illuminate\\Pipeline\\Pipeline->Illuminate\\Pipeline\\{closure}()
#21 /media/dhirajyadav/New Volume/xamp files/currency-exchanger/vendor/laravel/framework/src/Illuminate/Foundation/Http/Middleware/ConvertEmptyStringsToNull.php(31): Illuminate\\Foundation\\Http\\Middleware\\TransformsRequest->handle()
#22 /media/dhirajyadav/New Volume/xamp files/currency-exchanger/vendor/laravel/framework/src/Illuminate/Pipeline/Pipeline.php(183): Illuminate\\Foundation\\Http\\Middleware\\ConvertEmptyStringsToNull->handle()
#23 /media/dhirajyadav/New Volume/xamp files/currency-exchanger/vendor/laravel/framework/src/Illuminate/Foundation/Http/Middleware/TransformsRequest.php(21): Illuminate\\Pipeline\\Pipeline->Illuminate\\Pipeline\\{closure}()
#24 /media/dhirajyadav/New Volume/xamp files/currency-exchanger/vendor/laravel/framework/src/Illuminate/Foundation/Http/Middleware/TrimStrings.php(40): Illuminate\\Foundation\\Http\\Middleware\\TransformsRequest->handle()
#25 /media/dhirajyadav/New Volume/xamp files/currency-exchanger/vendor/laravel/framework/src/Illuminate/Pipeline/Pipeline.php(183): Illuminate\\Foundation\\Http\\Middleware\\TrimStrings->handle()
#26 /media/dhirajyadav/New Volume/xamp files/currency-exchanger/vendor/laravel/framework/src/Illuminate/Foundation/Http/Middleware/ValidatePostSize.php(27): Illuminate\\Pipeline\\Pipeline->Illuminate\\Pipeline\\{closure}()
#27 /media/dhirajyadav/New Volume/xamp files/currency-exchanger/vendor/laravel/framework/src/Illuminate/Pipeline/Pipeline.php(183): Illuminate\\Foundation\\Http\\Middleware\\ValidatePostSize->handle()
#28 /media/dhirajyadav/New Volume/xamp files/currency-exchanger/vendor/laravel/framework/src/Illuminate/Foundation/Http/Middleware/PreventRequestsDuringMaintenance.php(99): Illuminate\\Pipeline\\Pipeline->Illuminate\\Pipeline\\{closure}()
#29 /media/dhirajyadav/New Volume/xamp files/currency-exchanger/vendor/laravel/framework/src/Illuminate/Pipeline/Pipeline.php(183): Illuminate\\Foundation\\Http\\Middleware\\PreventRequestsDuringMaintenance->handle()
#30 /media/dhirajyadav/New Volume/xamp files/currency-exchanger/vendor/laravel/framework/src/Illuminate/Http/Middleware/HandleCors.php(49): Illuminate\\Pipeline\\Pipeline->Illuminate\\Pipeline\\{closure}()
#31 /media/dhirajyadav/New Volume/xamp files/currency-exchanger/vendor/laravel/framework/src/Illuminate/Pipeline/Pipeline.php(183): Illuminate\\Http\\Middleware\\HandleCors->handle()
#32 /media/dhirajyadav/New Volume/xamp files/currency-exchanger/vendor/laravel/framework/src/Illuminate/Http/Middleware/TrustProxies.php(39): Illuminate\\Pipeline\\Pipeline->Illuminate\\Pipeline\\{closure}()
#33 /media/dhirajyadav/New Volume/xamp files/currency-exchanger/vendor/laravel/framework/src/Illuminate/Pipeline/Pipeline.php(183): Illuminate\\Http\\Middleware\\TrustProxies->handle()
#34 /media/dhirajyadav/New Volume/xamp files/currency-exchanger/vendor/laravel/framework/src/Illuminate/Pipeline/Pipeline.php(119): Illuminate\\Pipeline\\Pipeline->Illuminate\\Pipeline\\{closure}()
#35 /media/dhirajyadav/New Volume/xamp files/currency-exchanger/vendor/laravel/framework/src/Illuminate/Foundation/Http/Kernel.php(175): Illuminate\\Pipeline\\Pipeline->then()
#36 /media/dhirajyadav/New Volume/xamp files/currency-exchanger/vendor/laravel/framework/src/Illuminate/Foundation/Http/Kernel.php(144): Illuminate\\Foundation\\Http\\Kernel->sendRequestThroughRouter()
#37 /media/dhirajyadav/New Volume/xamp files/currency-exchanger/public/index.php(51): Illuminate\\Foundation\\Http\\Kernel->handle()
#38 /media/dhirajyadav/New Volume/xamp files/currency-exchanger/vendor/laravel/framework/src/Illuminate/Foundation/resources/server.php(16): require_once('...')
#39 {main}
"} 
[2024-10-16 17:31:30] local.ERROR: View [main] not found. {"exception":"[object] (InvalidArgumentException(code: 0): View [main] not found. at /media/dhirajyadav/New Volume/xamp files/currency-exchanger/vendor/laravel/framework/src/Illuminate/View/FileViewFinder.php:137)
[stacktrace]
#0 /media/dhirajyadav/New Volume/xamp files/currency-exchanger/vendor/laravel/framework/src/Illuminate/View/FileViewFinder.php(79): Illuminate\\View\\FileViewFinder->findInPaths()
#1 /media/dhirajyadav/New Volume/xamp files/currency-exchanger/vendor/laravel/framework/src/Illuminate/View/Factory.php(137): Illuminate\\View\\FileViewFinder->find()
#2 /media/dhirajyadav/New Volume/xamp files/currency-exchanger/vendor/laravel/framework/src/Illuminate/Foundation/helpers.php(1020): Illuminate\\View\\Factory->make()
#3 /media/dhirajyadav/New Volume/xamp files/currency-exchanger/app/Http/Controllers/IndexController.php(11): view()
#4 /media/dhirajyadav/New Volume/xamp files/currency-exchanger/vendor/laravel/framework/src/Illuminate/Routing/Controller.php(54): App\\Http\\Controllers\\IndexController->index()
#5 /media/dhirajyadav/New Volume/xamp files/currency-exchanger/vendor/laravel/framework/src/Illuminate/Routing/ControllerDispatcher.php(43): Illuminate\\Routing\\Controller->callAction()
#6 /media/dhirajyadav/New Volume/xamp files/currency-exchanger/vendor/laravel/framework/src/Illuminate/Routing/Route.php(259): Illuminate\\Routing\\ControllerDispatcher->dispatch()
#7 /media/dhirajyadav/New Volume/xamp files/currency-exchanger/vendor/laravel/framework/src/Illuminate/Routing/Route.php(205): Illuminate\\Routing\\Route->runController()
#8 /media/dhirajyadav/New Volume/xamp files/currency-exchanger/vendor/laravel/framework/src/Illuminate/Routing/Router.php(806): Illuminate\\Routing\\Route->run()
#9 /media/dhirajyadav/New Volume/xamp files/currency-exchanger/vendor/laravel/framework/src/Illuminate/Pipeline/Pipeline.php(144): Illuminate\\Routing\\Router->Illuminate\\Routing\\{closure}()
#10 /media/dhirajyadav/New Volume/xamp files/currency-exchanger/app/Http/Middleware/AlreadyLogin.php(23): Illuminate\\Pipeline\\Pipeline->Illuminate\\Pipeline\\{closure}()
#11 /media/dhirajyadav/New Volume/xamp files/currency-exchanger/vendor/laravel/framework/src/Illuminate/Pipeline/Pipeline.php(183): App\\Http\\Middleware\\AlreadyLogin->handle()
#12 /media/dhirajyadav/New Volume/xamp files/currency-exchanger/vendor/laravel/framework/src/Illuminate/Routing/Middleware/SubstituteBindings.php(50): Illuminate\\Pipeline\\Pipeline->Illuminate\\Pipeline\\{closure}()
#13 /media/dhirajyadav/New Volume/xamp files/currency-exchanger/vendor/laravel/framework/src/Illuminate/Pipeline/Pipeline.php(183): Illuminate\\Routing\\Middleware\\SubstituteBindings->handle()
#14 /media/dhirajyadav/New Volume/xamp files/currency-exchanger/vendor/laravel/framework/src/Illuminate/Foundation/Http/Middleware/VerifyCsrfToken.php(78): Illuminate\\Pipeline\\Pipeline->Illuminate\\Pipeline\\{closure}()
#15 /media/dhirajyadav/New Volume/xamp files/currency-exchanger/vendor/laravel/framework/src/Illuminate/Pipeline/Pipeline.php(183): Illuminate\\Foundation\\Http\\Middleware\\VerifyCsrfToken->handle()
#16 /media/dhirajyadav/New Volume/xamp files/currency-exchanger/vendor/laravel/framework/src/Illuminate/View/Middleware/ShareErrorsFromSession.php(49): Illuminate\\Pipeline\\Pipeline->Illuminate\\Pipeline\\{closure}()
#17 /media/dhirajyadav/New Volume/xamp files/currency-exchanger/vendor/laravel/framework/src/Illuminate/Pipeline/Pipeline.php(183): Illuminate\\View\\Middleware\\ShareErrorsFromSession->handle()
#18 /media/dhirajyadav/New Volume/xamp files/currency-exchanger/vendor/laravel/framework/src/Illuminate/Session/Middleware/StartSession.php(121): Illuminate\\Pipeline\\Pipeline->Illuminate\\Pipeline\\{closure}()
#19 /media/dhirajyadav/New Volume/xamp files/currency-exchanger/vendor/laravel/framework/src/Illuminate/Session/Middleware/StartSession.php(64): Illuminate\\Session\\Middleware\\StartSession->handleStatefulRequest()
#20 /media/dhirajyadav/New Volume/xamp files/currency-exchanger/vendor/laravel/framework/src/Illuminate/Pipeline/Pipeline.php(183): Illuminate\\Session\\Middleware\\StartSession->handle()
#21 /media/dhirajyadav/New Volume/xamp files/currency-exchanger/vendor/laravel/framework/src/Illuminate/Cookie/Middleware/AddQueuedCookiesToResponse.php(37): Illuminate\\Pipeline\\Pipeline->Illuminate\\Pipeline\\{closure}()
#22 /media/dhirajyadav/New Volume/xamp files/currency-exchanger/vendor/laravel/framework/src/Illuminate/Pipeline/Pipeline.php(183): Illuminate\\Cookie\\Middleware\\AddQueuedCookiesToResponse->handle()
#23 /media/dhirajyadav/New Volume/xamp files/currency-exchanger/vendor/laravel/framework/src/Illuminate/Cookie/Middleware/EncryptCookies.php(67): Illuminate\\Pipeline\\Pipeline->Illuminate\\Pipeline\\{closure}()
#24 /media/dhirajyadav/New Volume/xamp files/currency-exchanger/vendor/laravel/framework/src/Illuminate/Pipeline/Pipeline.php(183): Illuminate\\Cookie\\Middleware\\EncryptCookies->handle()
#25 /media/dhirajyadav/New Volume/xamp files/currency-exchanger/vendor/laravel/framework/src/Illuminate/Pipeline/Pipeline.php(119): Illuminate\\Pipeline\\Pipeline->Illuminate\\Pipeline\\{closure}()
#26 /media/dhirajyadav/New Volume/xamp files/currency-exchanger/vendor/laravel/framework/src/Illuminate/Routing/Router.php(805): Illuminate\\Pipeline\\Pipeline->then()
#27 /media/dhirajyadav/New Volume/xamp files/currency-exchanger/vendor/laravel/framework/src/Illuminate/Routing/Router.php(784): Illuminate\\Routing\\Router->runRouteWithinStack()
#28 /media/dhirajyadav/New Volume/xamp files/currency-exchanger/vendor/laravel/framework/src/Illuminate/Routing/Router.php(748): Illuminate\\Routing\\Router->runRoute()
#29 /media/dhirajyadav/New Volume/xamp files/currency-exchanger/vendor/laravel/framework/src/Illuminate/Routing/Router.php(737): Illuminate\\Routing\\Router->dispatchToRoute()
#30 /media/dhirajyadav/New Volume/xamp files/currency-exchanger/vendor/laravel/framework/src/Illuminate/Foundation/Http/Kernel.php(200): Illuminate\\Routing\\Router->dispatch()
#31 /media/dhirajyadav/New Volume/xamp files/currency-exchanger/vendor/laravel/framework/src/Illuminate/Pipeline/Pipeline.php(144): Illuminate\\Foundation\\Http\\Kernel->Illuminate\\Foundation\\Http\\{closure}()
#32 /media/dhirajyadav/New Volume/xamp files/currency-exchanger/vendor/laravel/framework/src/Illuminate/Foundation/Http/Middleware/TransformsRequest.php(21): Illuminate\\Pipeline\\Pipeline->Illuminate\\Pipeline\\{closure}()
#33 /media/dhirajyadav/New Volume/xamp files/currency-exchanger/vendor/laravel/framework/src/Illuminate/Foundation/Http/Middleware/ConvertEmptyStringsToNull.php(31): Illuminate\\Foundation\\Http\\Middleware\\TransformsRequest->handle()
#34 /media/dhirajyadav/New Volume/xamp files/currency-exchanger/vendor/laravel/framework/src/Illuminate/Pipeline/Pipeline.php(183): Illuminate\\Foundation\\Http\\Middleware\\ConvertEmptyStringsToNull->handle()
#35 /media/dhirajyadav/New Volume/xamp files/currency-exchanger/vendor/laravel/framework/src/Illuminate/Foundation/Http/Middleware/TransformsRequest.php(21): Illuminate\\Pipeline\\Pipeline->Illuminate\\Pipeline\\{closure}()
#36 /media/dhirajyadav/New Volume/xamp files/currency-exchanger/vendor/laravel/framework/src/Illuminate/Foundation/Http/Middleware/TrimStrings.php(40): Illuminate\\Foundation\\Http\\Middleware\\TransformsRequest->handle()
#37 /media/dhirajyadav/New Volume/xamp files/currency-exchanger/vendor/laravel/framework/src/Illuminate/Pipeline/Pipeline.php(183): Illuminate\\Foundation\\Http\\Middleware\\TrimStrings->handle()
#38 /media/dhirajyadav/New Volume/xamp files/currency-exchanger/vendor/laravel/framework/src/Illuminate/Foundation/Http/Middleware/ValidatePostSize.php(27): Illuminate\\Pipeline\\Pipeline->Illuminate\\Pipeline\\{closure}()
#39 /media/dhirajyadav/New Volume/xamp files/currency-exchanger/vendor/laravel/framework/src/Illuminate/Pipeline/Pipeline.php(183): Illuminate\\Foundation\\Http\\Middleware\\ValidatePostSize->handle()
#40 /media/dhirajyadav/New Volume/xamp files/currency-exchanger/vendor/laravel/framework/src/Illuminate/Foundation/Http/Middleware/PreventRequestsDuringMaintenance.php(99): Illuminate\\Pipeline\\Pipeline->Illuminate\\Pipeline\\{closure}()
#41 /media/dhirajyadav/New Volume/xamp files/currency-exchanger/vendor/laravel/framework/src/Illuminate/Pipeline/Pipeline.php(183): Illuminate\\Foundation\\Http\\Middleware\\PreventRequestsDuringMaintenance->handle()
#42 /media/dhirajyadav/New Volume/xamp files/currency-exchanger/vendor/laravel/framework/src/Illuminate/Http/Middleware/HandleCors.php(49): Illuminate\\Pipeline\\Pipeline->Illuminate\\Pipeline\\{closure}()
#43 /media/dhirajyadav/New Volume/xamp files/currency-exchanger/vendor/laravel/framework/src/Illuminate/Pipeline/Pipeline.php(183): Illuminate\\Http\\Middleware\\HandleCors->handle()
#44 /media/dhirajyadav/New Volume/xamp files/currency-exchanger/vendor/laravel/framework/src/Illuminate/Http/Middleware/TrustProxies.php(39): Illuminate\\Pipeline\\Pipeline->Illuminate\\Pipeline\\{closure}()
#45 /media/dhirajyadav/New Volume/xamp files/currency-exchanger/vendor/laravel/framework/src/Illuminate/Pipeline/Pipeline.php(183): Illuminate\\Http\\Middleware\\TrustProxies->handle()
#46 /media/dhirajyadav/New Volume/xamp files/currency-exchanger/vendor/laravel/framework/src/Illuminate/Pipeline/Pipeline.php(119): Illuminate\\Pipeline\\Pipeline->Illuminate\\Pipeline\\{closure}()
#47 /media/dhirajyadav/New Volume/xamp files/currency-exchanger/vendor/laravel/framework/src/Illuminate/Foundation/Http/Kernel.php(175): Illuminate\\Pipeline\\Pipeline->then()
#48 /media/dhirajyadav/New Volume/xamp files/currency-exchanger/vendor/laravel/framework/src/Illuminate/Foundation/Http/Kernel.php(144): Illuminate\\Foundation\\Http\\Kernel->sendRequestThroughRouter()
#49 /media/dhirajyadav/New Volume/xamp files/currency-exchanger/public/index.php(51): Illuminate\\Foundation\\Http\\Kernel->handle()
#50 /media/dhirajyadav/New Volume/xamp files/currency-exchanger/vendor/laravel/framework/src/Illuminate/Foundation/resources/server.php(16): require_once('...')
#51 {main}
"} 
[2024-10-16 17:31:30] local.ERROR: file_put_contents(D:\currency-exchanger\storage\framework/sessions/2Dv2HfMr142lzdZ32BRzG0TVs2X7dpbe7VIiOgli): Failed to open stream: No such file or directory {"exception":"[object] (ErrorException(code: 0): file_put_contents(D:\\currency-exchanger\\storage\\framework/sessions/2Dv2HfMr142lzdZ32BRzG0TVs2X7dpbe7VIiOgli): Failed to open stream: No such file or directory at /media/dhirajyadav/New Volume/xamp files/currency-exchanger/vendor/laravel/framework/src/Illuminate/Filesystem/Filesystem.php:205)
[stacktrace]
#0 /media/dhirajyadav/New Volume/xamp files/currency-exchanger/vendor/laravel/framework/src/Illuminate/Foundation/Bootstrap/HandleExceptions.php(255): Illuminate\\Foundation\\Bootstrap\\HandleExceptions->handleError()
#1 [internal function]: Illuminate\\Foundation\\Bootstrap\\HandleExceptions->Illuminate\\Foundation\\Bootstrap\\{closure}()
#2 /media/dhirajyadav/New Volume/xamp files/currency-exchanger/vendor/laravel/framework/src/Illuminate/Filesystem/Filesystem.php(205): file_put_contents()
#3 /media/dhirajyadav/New Volume/xamp files/currency-exchanger/vendor/laravel/framework/src/Illuminate/Session/FileSessionHandler.php(90): Illuminate\\Filesystem\\Filesystem->put()
#4 /media/dhirajyadav/New Volume/xamp files/currency-exchanger/vendor/laravel/framework/src/Illuminate/Session/Store.php(172): Illuminate\\Session\\FileSessionHandler->write()
#5 /media/dhirajyadav/New Volume/xamp files/currency-exchanger/vendor/laravel/framework/src/Illuminate/Session/Middleware/StartSession.php(245): Illuminate\\Session\\Store->save()
#6 /media/dhirajyadav/New Volume/xamp files/currency-exchanger/vendor/laravel/framework/src/Illuminate/Session/Middleware/StartSession.php(130): Illuminate\\Session\\Middleware\\StartSession->saveSession()
#7 /media/dhirajyadav/New Volume/xamp files/currency-exchanger/vendor/laravel/framework/src/Illuminate/Session/Middleware/StartSession.php(64): Illuminate\\Session\\Middleware\\StartSession->handleStatefulRequest()
#8 /media/dhirajyadav/New Volume/xamp files/currency-exchanger/vendor/laravel/framework/src/Illuminate/Pipeline/Pipeline.php(183): Illuminate\\Session\\Middleware\\StartSession->handle()
#9 /media/dhirajyadav/New Volume/xamp files/currency-exchanger/vendor/laravel/framework/src/Illuminate/Cookie/Middleware/AddQueuedCookiesToResponse.php(37): Illuminate\\Pipeline\\Pipeline->Illuminate\\Pipeline\\{closure}()
#10 /media/dhirajyadav/New Volume/xamp files/currency-exchanger/vendor/laravel/framework/src/Illuminate/Pipeline/Pipeline.php(183): Illuminate\\Cookie\\Middleware\\AddQueuedCookiesToResponse->handle()
#11 /media/dhirajyadav/New Volume/xamp files/currency-exchanger/vendor/laravel/framework/src/Illuminate/Cookie/Middleware/EncryptCookies.php(67): Illuminate\\Pipeline\\Pipeline->Illuminate\\Pipeline\\{closure}()
#12 /media/dhirajyadav/New Volume/xamp files/currency-exchanger/vendor/laravel/framework/src/Illuminate/Pipeline/Pipeline.php(183): Illuminate\\Cookie\\Middleware\\EncryptCookies->handle()
#13 /media/dhirajyadav/New Volume/xamp files/currency-exchanger/vendor/laravel/framework/src/Illuminate/Pipeline/Pipeline.php(119): Illuminate\\Pipeline\\Pipeline->Illuminate\\Pipeline\\{closure}()
#14 /media/dhirajyadav/New Volume/xamp files/currency-exchanger/vendor/laravel/framework/src/Illuminate/Routing/Router.php(805): Illuminate\\Pipeline\\Pipeline->then()
#15 /media/dhirajyadav/New Volume/xamp files/currency-exchanger/vendor/laravel/framework/src/Illuminate/Routing/Router.php(784): Illuminate\\Routing\\Router->runRouteWithinStack()
#16 /media/dhirajyadav/New Volume/xamp files/currency-exchanger/vendor/laravel/framework/src/Illuminate/Routing/Router.php(748): Illuminate\\Routing\\Router->runRoute()
#17 /media/dhirajyadav/New Volume/xamp files/currency-exchanger/vendor/laravel/framework/src/Illuminate/Routing/Router.php(737): Illuminate\\Routing\\Router->dispatchToRoute()
#18 /media/dhirajyadav/New Volume/xamp files/currency-exchanger/vendor/laravel/framework/src/Illuminate/Foundation/Http/Kernel.php(200): Illuminate\\Routing\\Router->dispatch()
#19 /media/dhirajyadav/New Volume/xamp files/currency-exchanger/vendor/laravel/framework/src/Illuminate/Pipeline/Pipeline.php(144): Illuminate\\Foundation\\Http\\Kernel->Illuminate\\Foundation\\Http\\{closure}()
#20 /media/dhirajyadav/New Volume/xamp files/currency-exchanger/vendor/laravel/framework/src/Illuminate/Foundation/Http/Middleware/TransformsRequest.php(21): Illuminate\\Pipeline\\Pipeline->Illuminate\\Pipeline\\{closure}()
#21 /media/dhirajyadav/New Volume/xamp files/currency-exchanger/vendor/laravel/framework/src/Illuminate/Foundation/Http/Middleware/ConvertEmptyStringsToNull.php(31): Illuminate\\Foundation\\Http\\Middleware\\TransformsRequest->handle()
#22 /media/dhirajyadav/New Volume/xamp files/currency-exchanger/vendor/laravel/framework/src/Illuminate/Pipeline/Pipeline.php(183): Illuminate\\Foundation\\Http\\Middleware\\ConvertEmptyStringsToNull->handle()
#23 /media/dhirajyadav/New Volume/xamp files/currency-exchanger/vendor/laravel/framework/src/Illuminate/Foundation/Http/Middleware/TransformsRequest.php(21): Illuminate\\Pipeline\\Pipeline->Illuminate\\Pipeline\\{closure}()
#24 /media/dhirajyadav/New Volume/xamp files/currency-exchanger/vendor/laravel/framework/src/Illuminate/Foundation/Http/Middleware/TrimStrings.php(40): Illuminate\\Foundation\\Http\\Middleware\\TransformsRequest->handle()
#25 /media/dhirajyadav/New Volume/xamp files/currency-exchanger/vendor/laravel/framework/src/Illuminate/Pipeline/Pipeline.php(183): Illuminate\\Foundation\\Http\\Middleware\\TrimStrings->handle()
#26 /media/dhirajyadav/New Volume/xamp files/currency-exchanger/vendor/laravel/framework/src/Illuminate/Foundation/Http/Middleware/ValidatePostSize.php(27): Illuminate\\Pipeline\\Pipeline->Illuminate\\Pipeline\\{closure}()
#27 /media/dhirajyadav/New Volume/xamp files/currency-exchanger/vendor/laravel/framework/src/Illuminate/Pipeline/Pipeline.php(183): Illuminate\\Foundation\\Http\\Middleware\\ValidatePostSize->handle()
#28 /media/dhirajyadav/New Volume/xamp files/currency-exchanger/vendor/laravel/framework/src/Illuminate/Foundation/Http/Middleware/PreventRequestsDuringMaintenance.php(99): Illuminate\\Pipeline\\Pipeline->Illuminate\\Pipeline\\{closure}()
#29 /media/dhirajyadav/New Volume/xamp files/currency-exchanger/vendor/laravel/framework/src/Illuminate/Pipeline/Pipeline.php(183): Illuminate\\Foundation\\Http\\Middleware\\PreventRequestsDuringMaintenance->handle()
#30 /media/dhirajyadav/New Volume/xamp files/currency-exchanger/vendor/laravel/framework/src/Illuminate/Http/Middleware/HandleCors.php(49): Illuminate\\Pipeline\\Pipeline->Illuminate\\Pipeline\\{closure}()
#31 /media/dhirajyadav/New Volume/xamp files/currency-exchanger/vendor/laravel/framework/src/Illuminate/Pipeline/Pipeline.php(183): Illuminate\\Http\\Middleware\\HandleCors->handle()
#32 /media/dhirajyadav/New Volume/xamp files/currency-exchanger/vendor/laravel/framework/src/Illuminate/Http/Middleware/TrustProxies.php(39): Illuminate\\Pipeline\\Pipeline->Illuminate\\Pipeline\\{closure}()
#33 /media/dhirajyadav/New Volume/xamp files/currency-exchanger/vendor/laravel/framework/src/Illuminate/Pipeline/Pipeline.php(183): Illuminate\\Http\\Middleware\\TrustProxies->handle()
#34 /media/dhirajyadav/New Volume/xamp files/currency-exchanger/vendor/laravel/framework/src/Illuminate/Pipeline/Pipeline.php(119): Illuminate\\Pipeline\\Pipeline->Illuminate\\Pipeline\\{closure}()
#35 /media/dhirajyadav/New Volume/xamp files/currency-exchanger/vendor/laravel/framework/src/Illuminate/Foundation/Http/Kernel.php(175): Illuminate\\Pipeline\\Pipeline->then()
#36 /media/dhirajyadav/New Volume/xamp files/currency-exchanger/vendor/laravel/framework/src/Illuminate/Foundation/Http/Kernel.php(144): Illuminate\\Foundation\\Http\\Kernel->sendRequestThroughRouter()
#37 /media/dhirajyadav/New Volume/xamp files/currency-exchanger/public/index.php(51): Illuminate\\Foundation\\Http\\Kernel->handle()
#38 /media/dhirajyadav/New Volume/xamp files/currency-exchanger/vendor/laravel/framework/src/Illuminate/Foundation/resources/server.php(16): require_once('...')
#39 {main}
"} 
